MPASM 5.84                           ZCD.ASM   5-4-2021  22:21:26         PAGE  1


LOC  OBJECT CODE     LINE SOURCE TEXT
  VALUE

                      00001     LIST p = 16F876  
                      00002     #include p16f876.inc
                      00001         LIST
                      00002 
                      00003 ;==========================================================================
                      00004 ; Build date : Mar 17 2019
                      00005 ;  MPASM PIC16F876 processor include
                      00006 ; 
                      00007 ;  (c) Copyright 1999-2019 Microchip Technology, All rights reserved
                      00008 ;==========================================================================
                      00009 
                      00499         LIST
2007   3FFD           00003     __CONFIG _FOSC_XT & _WDTE_ON & _PWRTE_OFF & _CP_OFF & _BOREN_ON & _LVP_ON & _CPD_OFF & _WRT_ON
                      00004 
                      00005 RES_VECT  CODE    0x0000            ; processor reset vector
0000   2???           00006     GOTO    START                   ; go to beginning of program
                      00007 
                      00008 MAIN_PROG CODE                      ; let linker place main program
                      00009 
0000   1683           00010 START       BSF         STATUS,     RP0             ; Bank 1
0001   3003           00011             MOVLW       0x03                        ; 0b00000011
Message[302]: Register in operand not in bank 0.  Ensure that bank bits are correct.
0002   0085           00012             MOVWF       TRISA                       ; Set RA0,1 as i/p
0003   3000           00013             MOVLW       0x0000                      ;
Message[302]: Register in operand not in bank 0.  Ensure that bank bits are correct.
0004   0086           00014             MOVWF       TRISB                       ; Set PORTB as o/p
0005   3000           00015             MOVLW       0x0000                      ;
Message[302]: Register in operand not in bank 0.  Ensure that bank bits are correct.
0006   0087           00016             MOVWF       TRISC                       ; Set PORTB as o/p
0007   300E           00017             MOVLW       0x0E                        ; 0b00001110
Message[302]: Register in operand not in bank 0.  Ensure that bank bits are correct.
0008   009F           00018             MOVWF       ADCON1                      ; Left justified, RA0(analog) RA1(digital)       
0009   1283           00019             BCF         STATUS,     RP0             ; Bank 0
000A   141F           00020             BSF         ADCON0,     ADON            ; A/D converter module is operating, AN0 is chose by
                             default
000B   1683           00021             BSF         STATUS,     RP0             ; Bank 1
000C   3014           00022             MOVLW       0x14                        ;
Message[302]: Register in operand not in bank 0.  Ensure that bank bits are correct.
000D   0092           00023             MOVWF       PR2                         ; TMR2 Delay 20 us 
000E   1283           00024             BCF         STATUS,     RP0             ; Bank 0        
Message[305]: Using default destination of 1 (file).
000F   0987           00025 TMRSTART    COMF        PORTC
0010   1512           00026             BSF         T2CON,      TMR2ON          ; Start TMR2            
0011   1C8C           00027 LOOP        BTFSS       PIR1,       TMR2IF          ; Wait for TMR2 == PR2
0012   2???           00028             GOTO        LOOP                        ;
0013   108C           00029             BCF         PIR1,       TMR2IF          ; Clear Interrupt flag
0014   151F           00030             BSF         ADCON0,     GO_DONE         ; Start A/D conversion          
0015   1F0C           00031 ADC_PARSE   BTFSS       PIR1,       ADIF            ; Wait for A/D conversion
0016   2???           00032             GOTO        ADC_PARSE                   ;
0017   130C           00033             BCF         PIR1,       ADIF            ; Clear Interrupt flag
0018   081E           00034             MOVF        ADRESH,     0               ;
0019   1C85           00035             BTFSS       PORTA,      1               ; RA1 tells if user wants 2.5V or 0V reference
001A   2???           00036             GOTO        DIGITAL 
MPASM 5.84                           ZCD.ASM   5-4-2021  22:21:26         PAGE  2


LOC  OBJECT CODE     LINE SOURCE TEXT
  VALUE

001B   39F8           00037             ANDLW       0xF8                        ; Masking most significant 7 bits of Wreg 
001C   3A80           00038             XORLW       0x80                        ; W xor 0b10000000
001D   1903           00039 DIGITAL     BTFSC       STATUS,     Z               ; skip if Z == 0
001E   2???           00040             GOTO        PULLUP                      ; 
001F   1006           00041             BCF         PORTB,      RB0             ; set RB0 as low
0020   2???           00042             GOTO        TMRSTART                    ;               
0021   1406           00043 PULLUP      BSF         PORTB,      RB0             ;
0022   2???           00044             GOTO        TMRSTART                    ;
                      00045 
3FFD                  00046             END
MPASM 5.84                           ZCD.ASM   5-4-2021  22:21:26         PAGE  3


SYMBOL TABLE
  LABEL                             VALUE 

ACKDT                             00000005
ACKEN                             00000004
ACKSTAT                           00000006
ADCON0                            0000001F
ADCON1                            0000009F
ADCS0                             00000006
ADCS1                             00000007
ADC_PARSE                         00000015
ADDEN                             00000003
ADFM                              00000007
ADIE                              00000006
ADIF                              00000006
ADON                              00000000
ADRESH                            0000001E
ADRESL                            0000009E
BCLIE                             00000003
BCLIF                             00000003
BF                                00000000
BRGH                              00000002
C                                 00000000
CCP1CON                           00000017
CCP1IE                            00000002
CCP1IF                            00000002
CCP1M0                            00000000
CCP1M1                            00000001
CCP1M2                            00000002
CCP1M3                            00000003
CCP1X                             00000005
CCP1Y                             00000004
CCP2CON                           0000001D
CCP2IE                            00000000
CCP2IF                            00000000
CCP2M0                            00000000
CCP2M1                            00000001
CCP2M2                            00000002
CCP2M3                            00000003
CCP2X                             00000005
CCP2Y                             00000004
CCPR1                             00000015
CCPR1H                            00000016
CCPR1L                            00000015
CCPR2                             0000001B
CCPR2H                            0000001C
CCPR2L                            0000001B
CHS0                              00000003
CHS1                              00000004
CHS2                              00000005
CKE                               00000006
CKP                               00000004
CREN                              00000004
CSRC                              00000007
D                                 00000005
DATA_ADDRESS                      00000005
MPASM 5.84                           ZCD.ASM   5-4-2021  22:21:26         PAGE  4


SYMBOL TABLE
  LABEL                             VALUE 

DC                                00000001
DIGITAL                           0000001D
D_A                               00000005
D_NOT_A                           00000005
EEADR                             0000010D
EEADRH                            0000010F
EECON1                            0000018C
EECON2                            0000018D
EEDATA                            0000010C
EEDATH                            0000010E
EEIE                              00000004
EEIF                              00000004
EEPGD                             00000007
F                                 00000001
FERR                              00000002
FSR                               00000004
GCEN                              00000007
GIE                               00000007
GO                                00000002
GO_DONE                           00000002
GO_NOT_DONE                       00000002
I2C_DATA                          00000005
I2C_READ                          00000002
I2C_START                         00000003
I2C_STOP                          00000004
INDF                              00000000
INTCON                            0000000B
INTE                              00000004
INTEDG                            00000006
INTF                              00000001
IRP                               00000007
LOOP                              00000011
NOT_A                             00000005
NOT_ADDRESS                       00000005
NOT_BO                            00000000
NOT_BOR                           00000000
NOT_DONE                          00000002
NOT_PD                            00000003
NOT_POR                           00000001
NOT_RBPU                          00000007
NOT_RC8                           00000006
NOT_T1SYNC                        00000002
NOT_TO                            00000004
NOT_TX8                           00000006
NOT_W                             00000002
NOT_WRITE                         00000002
OERR                              00000001
OPTION_REG                        00000081
P                                 00000004
PCFG0                             00000000
PCFG1                             00000001
PCFG2                             00000002
PCFG3                             00000003
MPASM 5.84                           ZCD.ASM   5-4-2021  22:21:26         PAGE  5


SYMBOL TABLE
  LABEL                             VALUE 

PCL                               00000002
PCLATH                            0000000A
PCON                              0000008E
PEIE                              00000006
PEN                               00000002
PIE1                              0000008C
PIE2                              0000008D
PIR1                              0000000C
PIR2                              0000000D
PORTA                             00000005
PORTB                             00000006
PORTC                             00000007
PR2                               00000092
PS0                               00000000
PS1                               00000001
PS2                               00000002
PSA                               00000003
PULLUP                            00000021
R                                 00000002
RA0                               00000000
RA1                               00000001
RA2                               00000002
RA3                               00000003
RA4                               00000004
RA5                               00000005
RB0                               00000000
RB1                               00000001
RB2                               00000002
RB3                               00000003
RB4                               00000004
RB5                               00000005
RB6                               00000006
RB7                               00000007
RBIE                              00000003
RBIF                              00000000
RC0                               00000000
RC1                               00000001
RC2                               00000002
RC3                               00000003
RC4                               00000004
RC5                               00000005
RC6                               00000006
RC7                               00000007
RC8_9                             00000006
RC9                               00000006
RCD8                              00000000
RCEN                              00000003
RCIE                              00000005
RCIF                              00000005
RCREG                             0000001A
RCSTA                             00000018
RD                                00000000
READ_WRITE                        00000002
MPASM 5.84                           ZCD.ASM   5-4-2021  22:21:26         PAGE  6


SYMBOL TABLE
  LABEL                             VALUE 

RP0                               00000005
RP1                               00000006
RSEN                              00000001
RX9                               00000006
RX9D                              00000000
R_NOT_W                           00000002
R_W                               00000002
S                                 00000003
SEN                               00000000
SMP                               00000007
SPBRG                             00000099
SPEN                              00000007
SREN                              00000005
SSPADD                            00000093
SSPBUF                            00000013
SSPCON                            00000014
SSPCON2                           00000091
SSPEN                             00000005
SSPIE                             00000003
SSPIF                             00000003
SSPM0                             00000000
SSPM1                             00000001
SSPM2                             00000002
SSPM3                             00000003
SSPOV                             00000006
SSPSTAT                           00000094
START                             00000000
STATUS                            00000003
SYNC                              00000004
T0CS                              00000005
T0IE                              00000005
T0IF                              00000002
T0SE                              00000004
T1CKPS0                           00000004
T1CKPS1                           00000005
T1CON                             00000010
T1INSYNC                          00000002
T1OSCEN                           00000003
T1SYNC                            00000002
T2CKPS0                           00000000
T2CKPS1                           00000001
T2CON                             00000012
TMR0                              00000001
TMR0IE                            00000005
TMR0IF                            00000002
TMR1                              0000000E
TMR1CS                            00000001
TMR1H                             0000000F
TMR1IE                            00000000
TMR1IF                            00000000
TMR1L                             0000000E
TMR1ON                            00000000
TMR2                              00000011
MPASM 5.84                           ZCD.ASM   5-4-2021  22:21:26         PAGE  7


SYMBOL TABLE
  LABEL                             VALUE 

TMR2IE                            00000001
TMR2IF                            00000001
TMR2ON                            00000002
TMRSTART                          0000000F
TOUTPS0                           00000003
TOUTPS1                           00000004
TOUTPS2                           00000005
TOUTPS3                           00000006
TRISA                             00000085
TRISA0                            00000000
TRISA1                            00000001
TRISA2                            00000002
TRISA3                            00000003
TRISA4                            00000004
TRISA5                            00000005
TRISB                             00000086
TRISB0                            00000000
TRISB1                            00000001
TRISB2                            00000002
TRISB3                            00000003
TRISB4                            00000004
TRISB5                            00000005
TRISB6                            00000006
TRISB7                            00000007
TRISC                             00000087
TRISC0                            00000000
TRISC1                            00000001
TRISC2                            00000002
TRISC3                            00000003
TRISC4                            00000004
TRISC5                            00000005
TRISC6                            00000006
TRISC7                            00000007
TRMT                              00000001
TX8_9                             00000006
TX9                               00000006
TX9D                              00000000
TXD8                              00000000
TXEN                              00000005
TXIE                              00000004
TXIF                              00000004
TXREG                             00000019
TXSTA                             00000098
UA                                00000001
W                                 00000000
WCOL                              00000007
WR                                00000001
WREN                              00000002
WRERR                             00000003
Z                                 00000002
_BODEN_OFF                        00003FBF
_BODEN_ON                         00003FFF
_BOREN_OFF                        00003FBF
MPASM 5.84                           ZCD.ASM   5-4-2021  22:21:26         PAGE  8


SYMBOL TABLE
  LABEL                             VALUE 

_BOREN_ON                         00003FFF
_CONFIG                           00002007
_CPD_OFF                          00003FFF
_CPD_ON                           00003EFF
_CP_ALL                           00000FCF
_CP_HALF                          00001FDF
_CP_OFF                           00003FFF
_CP_UPPER_256                     00002FEF
_DEBUG_OFF                        00003FFF
_DEBUG_ON                         000037FF
_DEVID1                           00002006
_FOSC_EXTRC                       00003FFF
_FOSC_HS                          00003FFE
_FOSC_LP                          00003FFC
_FOSC_XT                          00003FFD
_HS_OSC                           00003FFE
_IDLOC0                           00002000
_IDLOC1                           00002001
_IDLOC2                           00002002
_IDLOC3                           00002003
_LP_OSC                           00003FFC
_LVP_OFF                          00003F7F
_LVP_ON                           00003FFF
_PWRTE_OFF                        00003FFF
_PWRTE_ON                         00003FF7
_RC_OSC                           00003FFF
_WDTE_OFF                         00003FFB
_WDTE_ON                          00003FFF
_WDT_OFF                          00003FFB
_WDT_ON                           00003FFF
_WRT_ENABLE_OFF                   00003DFF
_WRT_ENABLE_ON                    00003FFF
_WRT_OFF                          00003DFF
_WRT_ON                           00003FFF
_XT_OSC                           00003FFD
__16F876                          00000001
__DEBUG                           
__MPLAB_DEBUGGER_SIMULATOR        1

Errors   :     0
Warnings :     0 reported,     0 suppressed
Messages :     6 reported,     0 suppressed

